<?xml version="1.0" encoding="UTF-8"?>
<!-- Generated by org.testng.reporters.JUnitXMLReporter -->
<testsuite hostname="Fargabs-MacBook-Pro.local" ignored="26" name="Default test" tests="1" failures="0" timestamp="02 Oct 2022 03:26:48 GMT" time="27.874" errors="0">
  <testcase name="setASpecificSizeOfWindow" time="20.545" classname="testPages.HomepagesTest"/>
  <testcase name="loginButtonTest" time="0.0" classname="testPages.HomepagesTest">
    <ignored/>
  </testcase> <!-- loginButtonTest -->
  <testcase name="termsandConditionsLinkTest" time="0.0" classname="testPages.HomepagesTest">
    <ignored/>
  </testcase> <!-- termsandConditionsLinkTest -->
  <testcase name="searchFieldTest" time="0.0" classname="testPages.HomepagesTest">
    <ignored/>
  </testcase> <!-- searchFieldTest -->
  <testcase name="logoTest01" time="0.0" classname="testPages.HomepagesTest">
    <ignored/>
  </testcase> <!-- logoTest01 -->
  <testcase name="forgotUsernameOrPassword" time="0.0" classname="testPages.HomepagesTest">
    <ignored/>
  </testcase> <!-- forgotUsernameOrPassword -->
  <testcase name="use_of_sendKeys_mathod_then_click_submit_and_then_clear" time="0.0" classname="testPages.HomepagesTest">
    <ignored/>
  </testcase> <!-- use_of_sendKeys_mathod_then_click_submit_and_then_clear -->
  <testcase name="shrechicon" time="0.0" classname="testPages.HomepagesTest">
    <ignored/>
  </testcase> <!-- shrechicon -->
  <testcase name="insuranceButton" time="0.0" classname="testPages.HomepagesTest">
    <ignored/>
  </testcase> <!-- insuranceButton -->
  <testcase name="usernameClickTest" time="0.0" classname="testPages.HomepagesTest">
    <ignored/>
  </testcase> <!-- usernameClickTest -->
  <testcase name="userIdFieldTest" time="0.0" classname="testPages.HomepagesTest">
    <ignored/>
  </testcase> <!-- userIdFieldTest -->
  <testcase name="carInsuranceButtonClickTest" time="0.0" classname="testPages.HomepagesTest">
    <ignored/>
  </testcase> <!-- carInsuranceButtonClickTest -->
  <testcase name="use_of_navigate_method" time="0.0" classname="testPages.HomepagesTest">
    <ignored/>
  </testcase> <!-- use_of_navigate_method -->
  <testcase name="healthButton" time="0.0" classname="testPages.HomepagesTest">
    <ignored/>
  </testcase> <!-- healthButton -->
  <testcase name="use_of_getText_method" time="0.0" classname="testPages.HomepagesTest">
    <ignored/>
  </testcase> <!-- use_of_getText_method -->
  <testcase name="use_of_getTitle_method" time="0.0" classname="testPages.HomepagesTest">
    <ignored/>
  </testcase> <!-- use_of_getTitle_method -->
  <testcase name="use_of_isSelected_method" time="0.0" classname="testPages.HomepagesTest">
    <ignored/>
  </testcase> <!-- use_of_isSelected_method -->
  <testcase name="use_of_sendKeys_mathod" time="0.0" classname="testPages.HomepagesTest">
    <ignored/>
  </testcase> <!-- use_of_sendKeys_mathod -->
  <testcase name="logoTest" time="0.0" classname="testPages.HomepagesTest">
    <ignored/>
  </testcase> <!-- logoTest -->
  <testcase name="groceryButtonTest" time="0.0" classname="testPages.HomepagesTest">
    <ignored/>
  </testcase> <!-- groceryButtonTest -->
  <testcase name="usernameTest" time="0.0" classname="testPages.HomepagesTest">
    <ignored/>
  </testcase> <!-- usernameTest -->
  <testcase name="logoTestClickTest" time="0.0" classname="testPages.HomepagesTest">
    <ignored/>
  </testcase> <!-- logoTestClickTest -->
  <testcase name="use_of_getAttribute_method" time="0.0" classname="testPages.HomepagesTest">
    <ignored/>
  </testcase> <!-- use_of_getAttribute_method -->
  <testcase name="insurancreButtonClickTest" time="0.0" classname="testPages.HomepagesTest">
    <ignored/>
  </testcase> <!-- insurancreButtonClickTest -->
  <testcase name="loginButtonTest01" time="0.0" classname="testPages.HomepagesTest">
    <ignored/>
  </testcase> <!-- loginButtonTest01 -->
  <testcase name="yourPrivacyRightsTest" time="0.0" classname="testPages.HomepagesTest">
    <ignored/>
  </testcase> <!-- yourPrivacyRightsTest -->
  <testcase name="use_of_getCurrentURl_method" time="0.0" classname="testPages.HomepagesTest">
    <ignored/>
  </testcase> <!-- use_of_getCurrentURl_method -->
</testsuite> <!-- Default test -->
