<?xml version="1.0" encoding="UTF-8"?>
<!-- Generated by org.testng.reporters.JUnitXMLReporter -->
<testsuite hostname="Fargabs-MacBook-Pro.local" ignored="16" name="Default test" tests="2" failures="0" timestamp="30 Sep 2022 22:37:59 GMT" time="42.281" errors="0">
  <testcase name="loginButtonTest01" time="0.713" classname="testPages.HomepagesTest"/>
  <testcase name="logoTest01" time="1.572" classname="testPages.HomepagesTest"/>
  <testcase name="loginButtonTest" time="0.0" classname="testPages.HomepagesTest">
    <ignored/>
  </testcase> <!-- loginButtonTest -->
  <testcase name="termsandConditionsLinkTest" time="0.0" classname="testPages.HomepagesTest">
    <ignored/>
  </testcase> <!-- termsandConditionsLinkTest -->
  <testcase name="searchFieldTest" time="0.0" classname="testPages.HomepagesTest">
    <ignored/>
  </testcase> <!-- searchFieldTest -->
  <testcase name="healthButton" time="0.0" classname="testPages.HomepagesTest">
    <ignored/>
  </testcase> <!-- healthButton -->
  <testcase name="forgotUsernameOrPassword" time="0.0" classname="testPages.HomepagesTest">
    <ignored/>
  </testcase> <!-- forgotUsernameOrPassword -->
  <testcase name="logoTest" time="0.0" classname="testPages.HomepagesTest">
    <ignored/>
  </testcase> <!-- logoTest -->
  <testcase name="shrechicon" time="0.0" classname="testPages.HomepagesTest">
    <ignored/>
  </testcase> <!-- shrechicon -->
  <testcase name="groceryButtonTest" time="0.0" classname="testPages.HomepagesTest">
    <ignored/>
  </testcase> <!-- groceryButtonTest -->
  <testcase name="usernameTest" time="0.0" classname="testPages.HomepagesTest">
    <ignored/>
  </testcase> <!-- usernameTest -->
  <testcase name="insuranceButton" time="0.0" classname="testPages.HomepagesTest">
    <ignored/>
  </testcase> <!-- insuranceButton -->
  <testcase name="logoTestClickTest" time="0.0" classname="testPages.HomepagesTest">
    <ignored/>
  </testcase> <!-- logoTestClickTest -->
  <testcase name="usernameClickTest" time="0.0" classname="testPages.HomepagesTest">
    <ignored/>
  </testcase> <!-- usernameClickTest -->
  <testcase name="userIdFieldTest" time="0.0" classname="testPages.HomepagesTest">
    <ignored/>
  </testcase> <!-- userIdFieldTest -->
  <testcase name="insurancreButtonClickTest" time="0.0" classname="testPages.HomepagesTest">
    <ignored/>
  </testcase> <!-- insurancreButtonClickTest -->
  <testcase name="carInsuranceButtonClickTest" time="0.0" classname="testPages.HomepagesTest">
    <ignored/>
  </testcase> <!-- carInsuranceButtonClickTest -->
  <testcase name="yourPrivacyRightsTest" time="0.0" classname="testPages.HomepagesTest">
    <ignored/>
  </testcase> <!-- yourPrivacyRightsTest -->
</testsuite> <!-- Default test -->
