<?xml version="1.0" encoding="UTF-8"?>
<testng-results skipped="0" failed="0" ignored="0" total="1" passed="1">
  <reporter-output>
  </reporter-output>
  <suite name="Default suite" duration-ms="28221" started-at="2022-09-27T00:55:44Z" finished-at="2022-09-27T00:56:12Z">
    <groups>
    </groups>
    <test name="Default test" duration-ms="28221" started-at="2022-09-27T00:55:44Z" finished-at="2022-09-27T00:56:12Z">
      <class name="testPages.HomepagesTest">
        <test-method status="PASS" signature="setup()[pri:0, instance:testPages.HomepagesTest@bef2d72]" name="setup" is-config="true" duration-ms="20535" started-at="2022-09-27T00:55:44Z" finished-at="2022-09-27T00:56:04Z">
          <reporter-output>
          </reporter-output>
        </test-method> <!-- setup -->
        <test-method status="PASS" signature="healthButton()[pri:0, instance:testPages.HomepagesTest@bef2d72]" name="healthButton" duration-ms="7512" started-at="2022-09-27T00:56:04Z" finished-at="2022-09-27T00:56:12Z">
          <reporter-output>
          </reporter-output>
        </test-method> <!-- healthButton -->
        <test-method status="PASS" signature="tearUp()[pri:0, instance:testPages.HomepagesTest@bef2d72]" name="tearUp" is-config="true" duration-ms="140" started-at="2022-09-27T00:56:12Z" finished-at="2022-09-27T00:56:12Z">
          <reporter-output>
          </reporter-output>
        </test-method> <!-- tearUp -->
      </class> <!-- testPages.HomepagesTest -->
    </test> <!-- Default test -->
  </suite> <!-- Default suite -->
</testng-results>
