<?xml version="1.0" encoding="UTF-8"?>
<testng-results skipped="0" failed="0" ignored="33" total="34" passed="1">
  <reporter-output>
  </reporter-output>
  <suite name="Default suite" duration-ms="24643" started-at="2022-10-05T21:38:14Z" finished-at="2022-10-05T21:38:38Z">
    <groups>
    </groups>
    <test name="Default test" duration-ms="24643" started-at="2022-10-05T21:38:14Z" finished-at="2022-10-05T21:38:38Z">
      <class name="testPages.HomepagesTest">
        <test-method status="PASS" signature="setup()[pri:0, instance:testPages.HomepagesTest@353d0772]" name="setup" is-config="true" duration-ms="24366" started-at="2022-10-05T21:38:14Z" finished-at="2022-10-05T21:38:38Z">
          <reporter-output>
          </reporter-output>
        </test-method> <!-- setup -->
        <test-method status="PASS" signature="use_of_getTitle_method1_with_assertion1()[pri:0, instance:testPages.HomepagesTest@353d0772]" name="use_of_getTitle_method1_with_assertion1" duration-ms="59" started-at="2022-10-05T21:38:38Z" finished-at="2022-10-05T21:38:38Z">
          <reporter-output>
          </reporter-output>
        </test-method> <!-- use_of_getTitle_method1_with_assertion1 -->
        <test-method status="PASS" signature="tearUp()[pri:0, instance:testPages.HomepagesTest@353d0772]" name="tearUp" is-config="true" duration-ms="180" started-at="2022-10-05T21:38:38Z" finished-at="2022-10-05T21:38:38Z">
          <reporter-output>
          </reporter-output>
        </test-method> <!-- tearUp -->
      </class> <!-- testPages.HomepagesTest -->
    </test> <!-- Default test -->
  </suite> <!-- Default suite -->
</testng-results>
